<?xml version="1.0" encoding="utf-8"?><testsuites name="pytest tests"><testsuite name="pytest" errors="0" failures="0" skipped="0" tests="22" time="4.007" timestamp="2026-03-05T16:49:36.592836+00:00" hostname="agent-env-0dd0f7a7-077c-4a7a-8109-5996525310e1"><testcase classname="backend.tests.test_admin_reported_concepts.TestListReportedConcepts" name="test_list_reported_concepts_returns_200" time="0.511" /><testcase classname="backend.tests.test_admin_reported_concepts.TestListReportedConcepts" name="test_list_reported_concepts_returns_list" time="0.060" /><testcase classname="backend.tests.test_admin_reported_concepts.TestListReportedConcepts" name="test_reported_concepts_have_required_fields" time="0.079" /><testcase classname="backend.tests.test_admin_reported_concepts.TestListReportedConcepts" name="test_reported_concepts_count_positive" time="0.063" /><testcase classname="backend.tests.test_admin_reported_concepts.TestListReportedConcepts" name="test_list_reported_requires_auth" time="0.113" /><testcase classname="backend.tests.test_admin_reported_concepts.TestListReportedConcepts" name="test_list_reported_invalid_pack" time="0.051" /><testcase classname="backend.tests.test_admin_reported_concepts.TestReportConcept" name="test_report_concept_success" time="0.798" /><testcase classname="backend.tests.test_admin_reported_concepts.TestReportConcept" name="test_reported_concept_appears_in_list" time="0.060" /><testcase classname="backend.tests.test_admin_reported_concepts.TestReportConcept" name="test_report_concept_requires_auth" time="0.119" /><testcase classname="backend.tests.test_admin_reported_concepts.TestReportConcept" name="test_report_concept_invalid_id" time="0.073" /><testcase classname="backend.tests.test_admin_reported_concepts.TestBulkDismiss" name="test_bulk_dismiss_one_concept" time="0.229" /><testcase classname="backend.tests.test_admin_reported_concepts.TestBulkDismiss" name="test_bulk_dismiss_returns_dismissed_count" time="0.304" /><testcase classname="backend.tests.test_admin_reported_concepts.TestBulkDismiss" name="test_bulk_dismiss_empty_list" time="0.079" /><testcase classname="backend.tests.test_admin_reported_concepts.TestBulkDismiss" name="test_bulk_dismiss_requires_auth" time="0.128" /><testcase classname="backend.tests.test_admin_reported_concepts.TestBulkDelete" name="test_bulk_delete_empty_list_returns_200" time="0.065" /><testcase classname="backend.tests.test_admin_reported_concepts.TestBulkDelete" name="test_bulk_delete_requires_auth" time="0.108" /><testcase classname="backend.tests.test_admin_reported_concepts.TestBulkDelete" name="test_bulk_delete_invalid_pack" time="0.054" /><testcase classname="backend.tests.test_admin_reported_concepts.TestUploadText" name="test_upload_text_returns_job_id" time="0.067" /><testcase classname="backend.tests.test_admin_reported_concepts.TestUploadText" name="test_upload_text_empty_content_fails" time="0.057" /><testcase classname="backend.tests.test_admin_reported_concepts.TestUploadText" name="test_upload_text_invalid_pack_fails" time="0.136" /><testcase classname="backend.tests.test_admin_reported_concepts.TestUploadText" name="test_upload_text_requires_auth" time="0.115" /><testcase classname="backend.tests.test_admin_reported_concepts.TestConceptsIntegrity" name="test_pack_concepts_count" time="0.661" /></testsuite></testsuites>