<?xml version="1.0" encoding="utf-8"?><testsuites name="pytest tests"><testsuite name="pytest" errors="0" failures="0" skipped="0" tests="11" time="14.106" timestamp="2026-02-26T22:54:14.897657+00:00" hostname="agent-env-e02c4415-ccd4-4b20-8420-f3e624db1a2a"><testcase classname="backend.tests.test_session_debrief.TestSessionDebrief" name="test_login" time="0.520" /><testcase classname="backend.tests.test_session_debrief.TestSessionDebrief" name="test_debrief_with_no_wrong_answers" time="1.160" /><testcase classname="backend.tests.test_session_debrief.TestSessionDebrief" name="test_debrief_with_wrong_answers" time="11.144" /><testcase classname="backend.tests.test_session_debrief.TestSessionDebrief" name="test_debrief_session_id_field_stored_in_review_events" time="0.000" /><testcase classname="backend.tests.test_session_debrief.TestSessionDebrief" name="test_debrief_invalid_session" time="0.135" /><testcase classname="backend.tests.test_session_debrief.TestSessionDebrief" name="test_debrief_other_user_session" time="0.191" /><testcase classname="backend.tests.test_session_debrief.TestDrillSession" name="test_login" time="0.376" /><testcase classname="backend.tests.test_session_debrief.TestDrillSession" name="test_drill_session_creates_with_recall_contrast" time="0.122" /><testcase classname="backend.tests.test_session_debrief.TestDrillSession" name="test_drill_session_answer_flow" time="0.110" /><testcase classname="backend.tests.test_session_debrief.TestDrillSession" name="test_drill_no_concept_ids" time="0.134" /><testcase classname="backend.tests.test_session_debrief.TestDrillSession" name="test_drill_invalid_concept_id" time="0.118" /></testsuite></testsuites>