<?xml version="1.0" encoding="utf-8"?><testsuites name="pytest tests"><testsuite name="pytest" errors="0" failures="0" skipped="0" tests="13" time="12.684" timestamp="2026-02-26T23:43:24.417624+00:00" hostname="agent-env-70aeee93-026e-4fd2-8cbd-dd9ceec485ec"><testcase classname="backend.tests.test_evaluate.TestEvaluateEndpoint" name="test_empty_answer_returns_no_answer" time="0.601" /><testcase classname="backend.tests.test_evaluate.TestEvaluateEndpoint" name="test_whitespace_answer_returns_no_answer" time="0.140" /><testcase classname="backend.tests.test_evaluate.TestEvaluateEndpoint" name="test_old_check_returns_no_requirements" time="0.115" /><testcase classname="backend.tests.test_evaluate.TestEvaluateEndpoint" name="test_invalid_check_id_returns_400" time="0.119" /><testcase classname="backend.tests.test_evaluate.TestEvaluateEndpoint" name="test_nonexistent_check_id_returns_404" time="0.130" /><testcase classname="backend.tests.test_evaluate.TestEvaluateEndpoint" name="test_unauthenticated_returns_401_or_403" time="0.139" /><testcase classname="backend.tests.test_evaluate.TestEvaluateEndpoint" name="test_good_answer_with_requirements" time="3.311" /><testcase classname="backend.tests.test_evaluate.TestEvaluateEndpoint" name="test_bad_answer_with_requirements_has_missing_ideas" time="2.892" /><testcase classname="backend.tests.test_evaluate.TestEvaluateEndpoint" name="test_evaluation_returns_extracted_claims" time="2.278" /><testcase classname="backend.tests.test_evaluate.TestEvaluateEndpoint" name="test_no_answer_does_not_include_extracted_claims" time="0.099" /><testcase classname="backend.tests.test_evaluate.TestEvaluateEndpoint" name="test_extracted_claims_is_populated_for_detailed_answer" time="2.630" /><testcase classname="backend.tests.test_evaluate.TestNewCheckSchema" name="test_new_pack_check_has_answer_requirements" time="0.000" /><testcase classname="backend.tests.test_evaluate.TestNewCheckSchema" name="test_new_pack_concepts_have_concepts" time="0.169" /></testsuite></testsuites>