<?xml version="1.0" encoding="utf-8"?><testsuites name="pytest tests"><testsuite name="pytest" errors="0" failures="1" skipped="5" tests="9" time="2.192" timestamp="2026-02-26T23:18:49.723095+00:00" hostname="agent-env-e02c4415-ccd4-4b20-8420-f3e624db1a2a"><testcase classname="backend.tests.test_evaluate.TestEvaluateEndpoint" name="test_empty_answer_returns_no_answer" time="0.784"><skipped type="pytest.skip" message="Could not fetch checks">/app/backend/tests/test_evaluate.py:76: Could not fetch checks</skipped></testcase><testcase classname="backend.tests.test_evaluate.TestEvaluateEndpoint" name="test_whitespace_only_answer_returns_no_answer" time="0.000"><skipped type="pytest.skip" message="Could not fetch checks">/app/backend/tests/test_evaluate.py:89: Could not fetch checks</skipped></testcase><testcase classname="backend.tests.test_evaluate.TestEvaluateEndpoint" name="test_old_check_no_requirements_returns_no_requirements" time="0.000"><skipped type="pytest.skip" message="Could not fetch checks">/app/backend/tests/test_evaluate.py:99: Could not fetch checks</skipped></testcase><testcase classname="backend.tests.test_evaluate.TestEvaluateEndpoint" name="test_invalid_check_id_returns_400" time="0.120" /><testcase classname="backend.tests.test_evaluate.TestEvaluateEndpoint" name="test_nonexistent_check_id_returns_404" time="0.144" /><testcase classname="backend.tests.test_evaluate.TestEvaluateEndpoint" name="test_unauthenticated_request_returns_403" time="0.205" /><testcase classname="backend.tests.test_evaluate.TestEvaluateEndpoint" name="test_good_answer_with_requirements_returns_result" time="0.291"><skipped type="pytest.skip" message="Could not fetch checks">/app/backend/tests/test_evaluate.py:134: Could not fetch checks</skipped></testcase><testcase classname="backend.tests.test_evaluate.TestEvaluateEndpoint" name="test_bad_answer_with_requirements_has_missing_ideas" time="0.000"><skipped type="pytest.skip" message="Could not fetch checks">/app/backend/tests/test_evaluate.py:154: Could not fetch checks</skipped></testcase><testcase classname="backend.tests.test_evaluate.TestNewCheckSchema" name="test_new_pack_checks_have_answer_requirements" time="0.574"><failure message="AssertionError: New pack should have checks with answer_requirements&#10;assert 0 &gt; 0">backend/tests/test_evaluate.py:185: in test_new_pack_checks_have_answer_requirements
    assert found_with_reqs &gt; 0, "New pack should have checks with answer_requirements"
E   AssertionError: New pack should have checks with answer_requirements
E   assert 0 &gt; 0</failure></testcase></testsuite></testsuites>