<?xml version="1.0" encoding="utf-8"?><testsuites name="pytest tests"><testsuite name="pytest" errors="0" failures="0" skipped="0" tests="13" time="10.743" timestamp="2026-02-26T23:35:52.649139+00:00" hostname="agent-env-70aeee93-026e-4fd2-8cbd-dd9ceec485ec"><testcase classname="backend.tests.test_evaluate.TestEvaluateEndpoint" name="test_empty_answer_returns_no_answer" time="0.805" /><testcase classname="backend.tests.test_evaluate.TestEvaluateEndpoint" name="test_whitespace_answer_returns_no_answer" time="0.221" /><testcase classname="backend.tests.test_evaluate.TestEvaluateEndpoint" name="test_old_check_returns_no_requirements" time="0.154" /><testcase classname="backend.tests.test_evaluate.TestEvaluateEndpoint" name="test_invalid_check_id_returns_400" time="0.109" /><testcase classname="backend.tests.test_evaluate.TestEvaluateEndpoint" name="test_nonexistent_check_id_returns_404" time="0.110" /><testcase classname="backend.tests.test_evaluate.TestEvaluateEndpoint" name="test_unauthenticated_returns_401_or_403" time="0.218" /><testcase classname="backend.tests.test_evaluate.TestEvaluateEndpoint" name="test_good_answer_with_requirements" time="2.694" /><testcase classname="backend.tests.test_evaluate.TestEvaluateEndpoint" name="test_bad_answer_with_requirements_has_missing_ideas" time="1.190" /><testcase classname="backend.tests.test_evaluate.TestEvaluateEndpoint" name="test_evaluation_returns_extracted_claims" time="2.322" /><testcase classname="backend.tests.test_evaluate.TestEvaluateEndpoint" name="test_no_answer_does_not_include_extracted_claims" time="0.114" /><testcase classname="backend.tests.test_evaluate.TestEvaluateEndpoint" name="test_extracted_claims_is_populated_for_detailed_answer" time="2.575" /><testcase classname="backend.tests.test_evaluate.TestNewCheckSchema" name="test_new_pack_check_has_answer_requirements" time="0.000" /><testcase classname="backend.tests.test_evaluate.TestNewCheckSchema" name="test_new_pack_concepts_have_concepts" time="0.126" /></testsuite></testsuites>