<?xml version="1.0" encoding="utf-8"?><testsuites name="pytest tests"><testsuite name="pytest" errors="0" failures="0" skipped="0" tests="10" time="5.244" timestamp="2026-02-26T23:19:45.736441+00:00" hostname="agent-env-e02c4415-ccd4-4b20-8420-f3e624db1a2a"><testcase classname="backend.tests.test_evaluate.TestEvaluateEndpoint" name="test_empty_answer_returns_no_answer" time="0.676" /><testcase classname="backend.tests.test_evaluate.TestEvaluateEndpoint" name="test_whitespace_answer_returns_no_answer" time="0.104" /><testcase classname="backend.tests.test_evaluate.TestEvaluateEndpoint" name="test_old_check_returns_no_requirements" time="0.105" /><testcase classname="backend.tests.test_evaluate.TestEvaluateEndpoint" name="test_invalid_check_id_returns_400" time="0.132" /><testcase classname="backend.tests.test_evaluate.TestEvaluateEndpoint" name="test_nonexistent_check_id_returns_404" time="0.128" /><testcase classname="backend.tests.test_evaluate.TestEvaluateEndpoint" name="test_unauthenticated_returns_401_or_403" time="0.368" /><testcase classname="backend.tests.test_evaluate.TestEvaluateEndpoint" name="test_good_answer_with_requirements" time="1.976" /><testcase classname="backend.tests.test_evaluate.TestEvaluateEndpoint" name="test_bad_answer_with_requirements_has_missing_ideas" time="1.568" /><testcase classname="backend.tests.test_evaluate.TestNewCheckSchema" name="test_new_pack_check_has_answer_requirements" time="0.000" /><testcase classname="backend.tests.test_evaluate.TestNewCheckSchema" name="test_new_pack_concepts_have_concepts" time="0.134" /></testsuite></testsuites>