<?xml version="1.0" encoding="utf-8"?><testsuites name="pytest tests"><testsuite name="pytest" errors="0" failures="1" skipped="1" tests="17" time="65.426" timestamp="2026-02-26T22:00:22.775622+00:00" hostname="agent-env-e02c4415-ccd4-4b20-8420-f3e624db1a2a"><testcase classname="backend.tests.test_knowledge_memory.TestHealth" name="test_health" time="0.275" /><testcase classname="backend.tests.test_knowledge_memory.TestAuth" name="test_register" time="0.415" /><testcase classname="backend.tests.test_knowledge_memory.TestAuth" name="test_login" time="0.365" /><testcase classname="backend.tests.test_knowledge_memory.TestAuth" name="test_login_invalid" time="0.341" /><testcase classname="backend.tests.test_knowledge_memory.TestAuth" name="test_protected_without_token" time="0.138" /><testcase classname="backend.tests.test_knowledge_memory.TestAuth" name="test_protected_with_invalid_token" time="0.166" /><testcase classname="backend.tests.test_knowledge_memory.TestStudyPacks" name="test_create_pack" time="0.441" /><testcase classname="backend.tests.test_knowledge_memory.TestStudyPacks" name="test_list_packs" time="0.120" /><testcase classname="backend.tests.test_knowledge_memory.TestStudyPacks" name="test_get_pack" time="0.177" /><testcase classname="backend.tests.test_knowledge_memory.TestUpload" name="test_upload_text" time="60.167"><failure message="AssertionError: Upload failed: The preview environment is not responding. It may be starting up.&#10;  &#10;assert 502 == 200&#10; +  where 502 = &lt;Response [502]&gt;.status_code">backend/tests/test_knowledge_memory.py:128: in test_upload_text
    assert r.status_code == 200, f"Upload failed: {r.text}"
E   AssertionError: Upload failed: The preview environment is not responding. It may be starting up.
E     
E   assert 502 == 200
E    +  where 502 = &lt;Response [502]&gt;.status_code</failure></testcase><testcase classname="backend.tests.test_knowledge_memory.TestUpload" name="test_upload_no_content" time="1.770" /><testcase classname="backend.tests.test_knowledge_memory.TestConcepts" name="test_list_concepts" time="0.137" /><testcase classname="backend.tests.test_knowledge_memory.TestConcepts" name="test_update_concept" time="0.000"><skipped type="pytest.skip" message="No concept_id available">/app/backend/tests/test_knowledge_memory.py:167: No concept_id available</skipped></testcase><testcase classname="backend.tests.test_knowledge_memory.TestConcepts" name="test_delete_concept" time="0.396" /><testcase classname="backend.tests.test_knowledge_memory.TestSessions" name="test_start_session" time="0.168" /><testcase classname="backend.tests.test_knowledge_memory.TestSessions" name="test_answer_session" time="0.127" /><testcase classname="backend.tests.test_knowledge_memory.TestDashboard" name="test_dashboard_overview" time="0.132" /></testsuite></testsuites>