<?xml version="1.0" encoding="utf-8"?><testsuites name="pytest tests"><testsuite name="pytest" errors="0" failures="0" skipped="0" tests="12" time="17.142" timestamp="2026-02-26T23:52:09.277242+00:00" hostname="agent-env-70aeee93-026e-4fd2-8cbd-dd9ceec485ec"><testcase classname="backend.tests.test_ui_spec_blocks.TestEvaluateBlockStructure" name="test_evaluate_returns_all_required_block_fields" time="2.812" /><testcase classname="backend.tests.test_ui_spec_blocks.TestEvaluateBlockStructure" name="test_empty_answer_returns_no_answer_with_empty_lists" time="0.141" /><testcase classname="backend.tests.test_ui_spec_blocks.TestEvaluateBlockStructure" name="test_good_answer_produces_extracted_claims" time="2.394" /><testcase classname="backend.tests.test_ui_spec_blocks.TestEvaluateBlockStructure" name="test_all_covered_produces_empty_missing_ideas" time="2.471" /><testcase classname="backend.tests.test_ui_spec_blocks.TestEvaluateBlockStructure" name="test_wrong_answer_produces_missing_ideas_for_block3" time="2.627" /><testcase classname="backend.tests.test_ui_spec_blocks.TestScenarioCheckBehavior" name="test_scenario_check_with_dict_reqs_still_evaluates" time="2.166" /><testcase classname="backend.tests.test_ui_spec_blocks.TestScenarioCheckBehavior" name="test_scenario_check_with_list_reqs_returns_no_requirements" time="0.124" /><testcase classname="backend.tests.test_ui_spec_blocks.TestRatingConfigMessages" name="test_session_start_for_pack" time="0.226" /><testcase classname="backend.tests.test_ui_spec_blocks.TestRatingConfigMessages" name="test_rating_again_advances_session" time="3.412" /><testcase classname="backend.tests.test_ui_spec_blocks.TestRatingConfigMessages" name="test_rating_easy_advances_session" time="0.243" /><testcase classname="backend.tests.test_ui_spec_blocks.TestHealthAndAuth" name="test_health_check" time="0.123" /><testcase classname="backend.tests.test_ui_spec_blocks.TestHealthAndAuth" name="test_login_with_test_credentials" time="0.343" /></testsuite></testsuites>